<mxfile userAgent="Mozilla/5.0 (Windows NT 6.1; Win64; x64) AppleWebKit/537.36 (KHTML, like Gecko) Chrome/60.0.3112.113 Safari/537.36" version="7.3.7" editor="www.draw.io" type="device"><diagram id="b7013b68-4c52-b0e4-435e-03e2b72499bb" name="Page-1">7Vpdc+MmFP01ntk+rAehD9uPGzvdPmRnMnVn2j4SiVh0MWgQiuP99QUJWRJYideV7GS3frG4hit0zrlwufLEX26fPwuUpV94gukEguR54q8mEHp+EKkvbdlXltAzho0gienUGNbkGzZGYKwFSXDe6Sg5p5JkXWPMGcOx7NiQEHzX7fbIafeuGdpgx7COEXWtf5JEppV1HoLG/hsmm7S+swfMLw8o/roRvGDmfhPoP5af6uctqn2Z/nmKEr5rmfzbib8UnMvqavu8xFRjW8NWjfu159fDvAVm8pQBsBrwhGhhHn3Jizhd3ZjpyX0NiZpppi/jPSUswWLi3+xSIvE6Q7G275QSlC2VW6panrp80DDg5O6hNph7YSHxc+98vQMKSl2Yb7EUe9XFDKgZMLryoqBq7xqWItMlbRE0NzZkdLE5OG6wURcGnuNQBQ5UExhRqZ9ZzTna6KsDeGBJi1wqlEwX5bzpVRuz2uBN1Yi15ELLEgL+qEMHSaShEfyRUNwycMJk3vKb9bqF2u0XRQsEv+OkiCXhLC9DSSu1ICooFCR0wwWR6bbHpyUDRZ3s0pxLwb/iJadcaWLFOFM9b9ScqWXKlVAI2yhD2LT+4Eo0q49KpcflxJVaHmkZISlJEsyGkRHsysj3I0dG3uKIjrxoACFFjpBW63sHaFFFjwH5lVAbAJIIWKE1c0NrfgSSIRCZuYjcXh+Rw25UIwJcRGYjITJ/F4jA4HKILN4FIseiZixEPOg8Pk5UGmOaXMiUbzhD9Lax3jQAgS4Y+JnIv7R56oWm+XfZXNTNeyyImqTe+svBCiKxbw/R7fYY3bYH/YOl3JuEDxVqJ1Jr/GGid7zcDhpu9PO8zIx6fF6IGHfSGYnEBsuWyeVPYIokeep6/09s+McEeufuoJeWaHDCwj6aRINxJNpWqDe6qmpq27KqbJfQlbs5upiy5JM+9ahWTFGek7gHuE5gh+0Y9qbADuLI9/uieDgcZ8dhbGkzPKLN2nYy2uYO9zp5bkLjoxd0YyPwg66PavpmWPscZXtaWBnl3HJUPbPjqGT/8NynCcLNDUYRRFcM4aCsL67Jum+Rflilvpd0uIDdlTWEo5Hupj/fT/oL1PYLYjjS51cl3bdIB2eS7gOL9Gg00utT6nuJ9Oj0bfJCpEcW6ecu7yF8RT0Dku45pOdom+kSUKS+FTnsIc9a5Z6EPNXVGlMiMpw05ZxWF1dAlJIsLws0dYWP8iK5SGo6UylHN5YMzO06DDyijyHqeXUwjb6kTr2oG3x9B6rzou5QIG+FXXTNqAusM3EQnRl1gRW+gb1RDxh17unNre6uqvC6ZZJIDec9EvkrJd5W5K0zSnThFiBFqH5KmbbKurh2+mHHRTKBasaAFdsH7X9ZdcO/6AmzsnpbedKOSo9MjQCxwKpT2Z70l4tfWgt+kOKupT/fD91VZbTq7knvCfqUBO440lTeIIpY/L+23py27GLKhbUVnq6ttUkaBl2l6kwEfBA4LrUEcrXnlCpSdGqWyhewaF/ZsIynjrJKORLcvInCFQU5Tn4qLdlvXC6sJfc11Ota+sQQ3X/rVdMPSdMh2ayzEDdHPfpiLBiCpCGKfxc89s/cVBReMxW1jm3hzOLk1Ex0ZvmBlp8BE9EhqnsXZHzx1hi3KPeCMw8fnn3kH/Hw8c6Ke/O3xrlV2/PCczm3i4RwNM7rO52y/X7GDAsk+U+17frAXnPd15YQDLPvqmbzl7uKzOZ/jf7tvw==</diagram></mxfile>